<?xml version="1.0" encoding="UTF-8"?>
<testng-results ignored="1" total="2" passed="1" failed="0" skipped="0">
  <reporter-output>
  </reporter-output>
  <suite started-at="2022-01-08T12:11:54 IST" name="Default suite" finished-at="2022-01-08T12:11:56 IST" duration-ms="2215">
    <groups>
    </groups>
    <test started-at="2022-01-08T12:11:54 IST" name="Default test" finished-at="2022-01-08T12:11:56 IST" duration-ms="2215">
      <class name="DynamicJson">
        <test-method signature="addBook1()[pri:0, instance:DynamicJson@72cde7cc]" started-at="2022-01-08T12:11:54 IST" name="addBook1" finished-at="2022-01-08T12:11:56 IST" duration-ms="2189" status="PASS">
          <reporter-output>
          </reporter-output>
        </test-method> <!-- addBook1 -->
      </class> <!-- DynamicJson -->
    </test> <!-- Default test -->
  </suite> <!-- Default suite -->
</testng-results>
